[2024-05-09T20:15:49.646+0000] {taskinstance.py:1159} INFO - Dependencies all met for dep_context=non-requeueable deps ti=<TaskInstance: pyspark_dag.pyspark_minio manual__2024-05-09T20:15:46.489838+00:00 [queued]>
[2024-05-09T20:15:49.671+0000] {taskinstance.py:1159} INFO - Dependencies all met for dep_context=requeueable deps ti=<TaskInstance: pyspark_dag.pyspark_minio manual__2024-05-09T20:15:46.489838+00:00 [queued]>
[2024-05-09T20:15:49.671+0000] {taskinstance.py:1361} INFO - Starting attempt 1 of 2
[2024-05-09T20:15:49.701+0000] {taskinstance.py:1382} INFO - Executing <Task(DockerOperator): pyspark_minio> on 2024-05-09 20:15:46.489838+00:00
[2024-05-09T20:15:49.708+0000] {standard_task_runner.py:57} INFO - Started process 655 to run task
[2024-05-09T20:15:49.715+0000] {standard_task_runner.py:84} INFO - Running: ['***', 'tasks', 'run', 'pyspark_dag', 'pyspark_minio', 'manual__2024-05-09T20:15:46.489838+00:00', '--job-id', '10', '--raw', '--subdir', 'DAGS_FOLDER/dag_spark.py', '--cfg-path', '/tmp/tmpb_xyeo62']
[2024-05-09T20:15:49.719+0000] {standard_task_runner.py:85} INFO - Job 10: Subtask pyspark_minio
[2024-05-09T20:15:49.789+0000] {task_command.py:416} INFO - Running <TaskInstance: pyspark_dag.pyspark_minio manual__2024-05-09T20:15:46.489838+00:00 [running]> on host ef6abd42a040
[2024-05-09T20:15:49.952+0000] {taskinstance.py:1662} INFO - Exporting env vars: AIRFLOW_CTX_DAG_OWNER='***' AIRFLOW_CTX_DAG_ID='pyspark_dag' AIRFLOW_CTX_TASK_ID='pyspark_minio' AIRFLOW_CTX_EXECUTION_DATE='2024-05-09T20:15:46.489838+00:00' AIRFLOW_CTX_TRY_NUMBER='1' AIRFLOW_CTX_DAG_RUN_ID='manual__2024-05-09T20:15:46.489838+00:00'
[2024-05-09T20:15:50.088+0000] {docker.py:343} INFO - Starting docker container from image wba-demo/spark:latest
[2024-05-09T20:15:50.104+0000] {docker.py:351} WARNING - Using remote engine or docker-in-docker and mounting temporary volume from host is not supported. Falling back to `mount_tmp_dir=False` mode. You can set `mount_tmp_dir` parameter to False to disable mounting and remove the warning
[2024-05-09T20:15:51.253+0000] {docker.py:413} INFO - [38;5;6mspark [38;5;5m20:15:51.25 [0m[38;5;2mINFO [0m ==>
[2024-05-09T20:15:51.256+0000] {docker.py:413} INFO - [38;5;6mspark [38;5;5m20:15:51.25 [0m[38;5;2mINFO [0m ==> [1mWelcome to the Bitnami spark container[0m
[2024-05-09T20:15:51.263+0000] {docker.py:413} INFO - [38;5;6mspark [38;5;5m20:15:51.25 [0m[38;5;2mINFO [0m ==> Subscribe to project updates by watching [1mhttps://github.com/bitnami/containers[0m
[2024-05-09T20:15:51.266+0000] {docker.py:413} INFO - [38;5;6mspark [38;5;5m20:15:51.26 [0m[38;5;2mINFO [0m ==> Submit issues and feature requests at [1mhttps://github.com/bitnami/containers/issues[0m
[2024-05-09T20:15:51.273+0000] {docker.py:413} INFO - [38;5;6mspark [38;5;5m20:15:51.27 [0m[38;5;2mINFO [0m ==>
[2024-05-09T20:15:51.287+0000] {docker.py:413} INFO - 
[2024-05-09T20:15:58.771+0000] {docker.py:413} INFO - :: loading settings :: url = jar:file:/opt/bitnami/spark/jars/ivy-2.5.1.jar!/org/apache/ivy/core/settings/ivysettings.xml
[2024-05-09T20:15:59.106+0000] {docker.py:413} INFO - Ivy Default Cache set to: /opt/bitnami/spark/.ivy2/cache
The jars for the packages stored in: /opt/bitnami/spark/.ivy2/jars
[2024-05-09T20:15:59.122+0000] {docker.py:413} INFO - io.delta#delta-core_2.12 added as a dependency
[2024-05-09T20:15:59.122+0000] {docker.py:413} INFO - org.apache.hadoop#hadoop-aws added as a dependency
[2024-05-09T20:15:59.132+0000] {docker.py:413} INFO - :: resolving dependencies :: org.apache.spark#spark-submit-parent-20fcd641-1b6f-490f-ac86-9abb9e2aa5fb;1.0
[2024-05-09T20:15:59.133+0000] {docker.py:413} INFO - confs: [default]
[2024-05-09T20:16:02.150+0000] {docker.py:413} INFO - found io.delta#delta-core_2.12;2.4.0 in central
[2024-05-09T20:16:02.759+0000] {docker.py:413} INFO - found io.delta#delta-storage;2.4.0 in central
[2024-05-09T20:16:06.980+0000] {docker.py:413} INFO - found org.antlr#antlr4-runtime;4.9.3 in central
[2024-05-09T20:16:12.424+0000] {docker.py:413} INFO - found org.apache.hadoop#hadoop-aws;3.3.6 in central
[2024-05-09T20:16:14.798+0000] {docker.py:413} INFO - found com.amazonaws#aws-java-sdk-bundle;1.12.367 in central
[2024-05-09T20:16:19.090+0000] {docker.py:413} INFO - found org.wildfly.openssl#wildfly-openssl;1.1.3.Final in central
[2024-05-09T20:16:19.356+0000] {docker.py:413} INFO - downloading https://repo1.maven.org/maven2/io/delta/delta-core_2.12/2.4.0/delta-core_2.12-2.4.0.jar ...
[2024-05-09T20:16:21.863+0000] {docker.py:413} INFO - [SUCCESSFUL ] io.delta#delta-core_2.12;2.4.0!delta-core_2.12.jar (2734ms)
[2024-05-09T20:16:22.082+0000] {docker.py:413} INFO - downloading https://repo1.maven.org/maven2/org/apache/hadoop/hadoop-aws/3.3.6/hadoop-aws-3.3.6.jar ...
[2024-05-09T20:16:22.579+0000] {docker.py:413} INFO - [SUCCESSFUL ] org.apache.hadoop#hadoop-aws;3.3.6!hadoop-aws.jar (714ms)
[2024-05-09T20:16:22.806+0000] {docker.py:413} INFO - downloading https://repo1.maven.org/maven2/io/delta/delta-storage/2.4.0/delta-storage-2.4.0.jar ...
[2024-05-09T20:16:23.145+0000] {docker.py:413} INFO - [SUCCESSFUL ] io.delta#delta-storage;2.4.0!delta-storage.jar (557ms)
[2024-05-09T20:16:23.374+0000] {docker.py:413} INFO - downloading https://repo1.maven.org/maven2/org/antlr/antlr4-runtime/4.9.3/antlr4-runtime-4.9.3.jar ...
[2024-05-09T20:16:23.687+0000] {docker.py:413} INFO - [SUCCESSFUL ] org.antlr#antlr4-runtime;4.9.3!antlr4-runtime.jar (539ms)
[2024-05-09T20:16:23.912+0000] {docker.py:413} INFO - downloading https://repo1.maven.org/maven2/com/amazonaws/aws-java-sdk-bundle/1.12.367/aws-java-sdk-bundle-1.12.367.jar ...
[2024-05-09T20:18:54.848+0000] {docker.py:413} INFO - [SUCCESSFUL ] com.amazonaws#aws-java-sdk-bundle;1.12.367!aws-java-sdk-bundle.jar (151159ms)
[2024-05-09T20:18:55.073+0000] {docker.py:413} INFO - downloading https://repo1.maven.org/maven2/org/wildfly/openssl/wildfly-openssl/1.1.3.Final/wildfly-openssl-1.1.3.Final.jar ...
[2024-05-09T20:18:55.454+0000] {docker.py:413} INFO - [SUCCESSFUL ] org.wildfly.openssl#wildfly-openssl;1.1.3.Final!wildfly-openssl.jar (598ms)
[2024-05-09T20:18:55.455+0000] {docker.py:413} INFO - :: resolution report :: resolve 19989ms :: artifacts dl 156335ms
	:: modules in use:
[2024-05-09T20:18:55.456+0000] {docker.py:413} INFO - com.amazonaws#aws-java-sdk-bundle;1.12.367 from central in [default]
	io.delta#delta-core_2.12;2.4.0 from central in [default]
	io.delta#delta-storage;2.4.0 from central in [default]
	org.antlr#antlr4-runtime;4.9.3 from central in [default]
	org.apache.hadoop#hadoop-aws;3.3.6 from central in [default]
	org.wildfly.openssl#wildfly-openssl;1.1.3.Final from central in [default]
	---------------------------------------------------------------------
	|                  |            modules            ||   artifacts   |
	|       conf       | number| search|dwnlded|evicted|| number|dwnlded|
	---------------------------------------------------------------------
[2024-05-09T20:18:55.456+0000] {docker.py:413} INFO - |      default     |   6   |   6   |   6   |   0   ||   6   |   6   |
	---------------------------------------------------------------------
[2024-05-09T20:18:55.462+0000] {docker.py:413} INFO - :: retrieving :: org.apache.spark#spark-submit-parent-20fcd641-1b6f-490f-ac86-9abb9e2aa5fb
[2024-05-09T20:18:55.464+0000] {docker.py:413} INFO - confs: [default]
[2024-05-09T20:18:56.023+0000] {docker.py:413} INFO - 6 artifacts copied, 0 already retrieved (309034kB/560ms)
[2024-05-09T20:18:56.411+0000] {docker.py:413} INFO - 24/05/09 20:18:56 WARN NativeCodeLoader: Unable to load native-hadoop library for your platform... using builtin-java classes where applicable
[2024-05-09T20:18:58.328+0000] {docker.py:413} INFO - 24/05/09 20:18:58 INFO SparkContext: Running Spark version 3.4.1
[2024-05-09T20:18:58.379+0000] {docker.py:413} INFO - 24/05/09 20:18:58 INFO ResourceUtils: ==============================================================
[2024-05-09T20:18:58.382+0000] {docker.py:413} INFO - 24/05/09 20:18:58 INFO ResourceUtils: No custom resources configured for spark.driver.
[2024-05-09T20:18:58.384+0000] {docker.py:413} INFO - 24/05/09 20:18:58 INFO ResourceUtils: ==============================================================
[2024-05-09T20:18:58.385+0000] {docker.py:413} INFO - 24/05/09 20:18:58 INFO SparkContext: Submitted application: CSV File to Delta Lake Table
[2024-05-09T20:18:58.425+0000] {docker.py:413} INFO - 24/05/09 20:18:58 INFO ResourceProfile: Default ResourceProfile created, executor resources: Map(cores -> name: cores, amount: 1, script: , vendor: , memory -> name: memory, amount: 1024, script: , vendor: , offHeap -> name: offHeap, amount: 0, script: , vendor: ), task resources: Map(cpus -> name: cpus, amount: 1.0)
[2024-05-09T20:18:58.440+0000] {docker.py:413} INFO - 24/05/09 20:18:58 INFO ResourceProfile: Limiting resource is cpu
[2024-05-09T20:18:58.441+0000] {docker.py:413} INFO - 24/05/09 20:18:58 INFO ResourceProfileManager: Added ResourceProfile id: 0
[2024-05-09T20:18:58.539+0000] {docker.py:413} INFO - 24/05/09 20:18:58 INFO SecurityManager: Changing view acls to: spark
[2024-05-09T20:18:58.540+0000] {docker.py:413} INFO - 24/05/09 20:18:58 INFO SecurityManager: Changing modify acls to: spark
[2024-05-09T20:18:58.541+0000] {docker.py:413} INFO - 24/05/09 20:18:58 INFO SecurityManager: Changing view acls groups to:
[2024-05-09T20:18:58.542+0000] {docker.py:413} INFO - 24/05/09 20:18:58 INFO SecurityManager: Changing modify acls groups to:
[2024-05-09T20:18:58.544+0000] {docker.py:413} INFO - 24/05/09 20:18:58 INFO SecurityManager: SecurityManager: authentication disabled; ui acls disabled; users with view permissions: spark; groups with view permissions: EMPTY; users with modify permissions: spark; groups with modify permissions: EMPTY
[2024-05-09T20:18:58.992+0000] {docker.py:413} INFO - 24/05/09 20:18:58 INFO Utils: Successfully started service 'sparkDriver' on port 38559.
[2024-05-09T20:18:59.049+0000] {docker.py:413} INFO - 24/05/09 20:18:59 INFO SparkEnv: Registering MapOutputTracker
[2024-05-09T20:18:59.105+0000] {docker.py:413} INFO - 24/05/09 20:18:59 INFO SparkEnv: Registering BlockManagerMaster
[2024-05-09T20:18:59.135+0000] {docker.py:413} INFO - 24/05/09 20:18:59 INFO BlockManagerMasterEndpoint: Using org.apache.spark.storage.DefaultTopologyMapper for getting topology information
[2024-05-09T20:18:59.136+0000] {docker.py:413} INFO - 24/05/09 20:18:59 INFO BlockManagerMasterEndpoint: BlockManagerMasterEndpoint up
[2024-05-09T20:18:59.140+0000] {docker.py:413} INFO - 24/05/09 20:18:59 INFO SparkEnv: Registering BlockManagerMasterHeartbeat
[2024-05-09T20:18:59.173+0000] {docker.py:413} INFO - 24/05/09 20:18:59 INFO DiskBlockManager: Created local directory at /tmp/blockmgr-a2cb8bf1-fc7d-4c65-adf2-4876aeb7758d
[2024-05-09T20:18:59.200+0000] {docker.py:413} INFO - 24/05/09 20:18:59 INFO MemoryStore: MemoryStore started with capacity 434.4 MiB
[2024-05-09T20:18:59.225+0000] {docker.py:413} INFO - 24/05/09 20:18:59 INFO SparkEnv: Registering OutputCommitCoordinator
[2024-05-09T20:18:59.425+0000] {docker.py:413} INFO - 24/05/09 20:18:59 INFO JettyUtils: Start Jetty 0.0.0.0:4040 for SparkUI
[2024-05-09T20:18:59.537+0000] {docker.py:413} INFO - 24/05/09 20:18:59 INFO Utils: Successfully started service 'SparkUI' on port 4040.
[2024-05-09T20:18:59.605+0000] {docker.py:413} INFO - 24/05/09 20:18:59 INFO SparkContext: Added JAR file:///opt/bitnami/spark/.ivy2/jars/io.delta_delta-core_2.12-2.4.0.jar at spark://localhost:38559/jars/io.delta_delta-core_2.12-2.4.0.jar with timestamp 1715285938312
[2024-05-09T20:18:59.606+0000] {docker.py:413} INFO - 24/05/09 20:18:59 INFO SparkContext: Added JAR file:///opt/bitnami/spark/.ivy2/jars/org.apache.hadoop_hadoop-aws-3.3.6.jar at spark://localhost:38559/jars/org.apache.hadoop_hadoop-aws-3.3.6.jar with timestamp 1715285938312
[2024-05-09T20:18:59.607+0000] {docker.py:413} INFO - 24/05/09 20:18:59 INFO SparkContext: Added JAR file:///opt/bitnami/spark/.ivy2/jars/io.delta_delta-storage-2.4.0.jar at spark://localhost:38559/jars/io.delta_delta-storage-2.4.0.jar with timestamp 1715285938312
[2024-05-09T20:18:59.608+0000] {docker.py:413} INFO - 24/05/09 20:18:59 INFO SparkContext: Added JAR file:///opt/bitnami/spark/.ivy2/jars/org.antlr_antlr4-runtime-4.9.3.jar at spark://localhost:38559/jars/org.antlr_antlr4-runtime-4.9.3.jar with timestamp 1715285938312
[2024-05-09T20:18:59.608+0000] {docker.py:413} INFO - 24/05/09 20:18:59 INFO SparkContext: Added JAR file:///opt/bitnami/spark/.ivy2/jars/com.amazonaws_aws-java-sdk-bundle-1.12.367.jar at spark://localhost:38559/jars/com.amazonaws_aws-java-sdk-bundle-1.12.367.jar with timestamp 1715285938312
[2024-05-09T20:18:59.609+0000] {docker.py:413} INFO - 24/05/09 20:18:59 INFO SparkContext: Added JAR file:///opt/bitnami/spark/.ivy2/jars/org.wildfly.openssl_wildfly-openssl-1.1.3.Final.jar at spark://localhost:38559/jars/org.wildfly.openssl_wildfly-openssl-1.1.3.Final.jar with timestamp 1715285938312
[2024-05-09T20:18:59.616+0000] {docker.py:413} INFO - 24/05/09 20:18:59 INFO SparkContext: Added file file:///opt/bitnami/spark/.ivy2/jars/io.delta_delta-core_2.12-2.4.0.jar at file:///opt/bitnami/spark/.ivy2/jars/io.delta_delta-core_2.12-2.4.0.jar with timestamp 1715285938312
[2024-05-09T20:18:59.619+0000] {docker.py:413} INFO - 24/05/09 20:18:59 INFO Utils: Copying /opt/bitnami/spark/.ivy2/jars/io.delta_delta-core_2.12-2.4.0.jar to /tmp/spark-86849f51-ecce-4122-a84c-da960b0e4d1a/userFiles-afc4b55c-7eec-4cb4-81dd-c19acaa7069a/io.delta_delta-core_2.12-2.4.0.jar
[2024-05-09T20:18:59.636+0000] {docker.py:413} INFO - 24/05/09 20:18:59 INFO SparkContext: Added file file:///opt/bitnami/spark/.ivy2/jars/org.apache.hadoop_hadoop-aws-3.3.6.jar at file:///opt/bitnami/spark/.ivy2/jars/org.apache.hadoop_hadoop-aws-3.3.6.jar with timestamp 1715285938312
[2024-05-09T20:18:59.637+0000] {docker.py:413} INFO - 24/05/09 20:18:59 INFO Utils: Copying /opt/bitnami/spark/.ivy2/jars/org.apache.hadoop_hadoop-aws-3.3.6.jar to /tmp/spark-86849f51-ecce-4122-a84c-da960b0e4d1a/userFiles-afc4b55c-7eec-4cb4-81dd-c19acaa7069a/org.apache.hadoop_hadoop-aws-3.3.6.jar
[2024-05-09T20:18:59.659+0000] {docker.py:413} INFO - 24/05/09 20:18:59 INFO SparkContext: Added file file:///opt/bitnami/spark/.ivy2/jars/io.delta_delta-storage-2.4.0.jar at file:///opt/bitnami/spark/.ivy2/jars/io.delta_delta-storage-2.4.0.jar with timestamp 1715285938312
[2024-05-09T20:18:59.660+0000] {docker.py:413} INFO - 24/05/09 20:18:59 INFO Utils: Copying /opt/bitnami/spark/.ivy2/jars/io.delta_delta-storage-2.4.0.jar to /tmp/spark-86849f51-ecce-4122-a84c-da960b0e4d1a/userFiles-afc4b55c-7eec-4cb4-81dd-c19acaa7069a/io.delta_delta-storage-2.4.0.jar
[2024-05-09T20:18:59.668+0000] {docker.py:413} INFO - 24/05/09 20:18:59 INFO SparkContext: Added file file:///opt/bitnami/spark/.ivy2/jars/org.antlr_antlr4-runtime-4.9.3.jar at file:///opt/bitnami/spark/.ivy2/jars/org.antlr_antlr4-runtime-4.9.3.jar with timestamp 1715285938312
[2024-05-09T20:18:59.669+0000] {docker.py:413} INFO - 24/05/09 20:18:59 INFO Utils: Copying /opt/bitnami/spark/.ivy2/jars/org.antlr_antlr4-runtime-4.9.3.jar to /tmp/spark-86849f51-ecce-4122-a84c-da960b0e4d1a/userFiles-afc4b55c-7eec-4cb4-81dd-c19acaa7069a/org.antlr_antlr4-runtime-4.9.3.jar
[2024-05-09T20:18:59.673+0000] {docker.py:413} INFO - 24/05/09 20:18:59 INFO SparkContext: Added file file:///opt/bitnami/spark/.ivy2/jars/com.amazonaws_aws-java-sdk-bundle-1.12.367.jar at file:///opt/bitnami/spark/.ivy2/jars/com.amazonaws_aws-java-sdk-bundle-1.12.367.jar with timestamp 1715285938312
[2024-05-09T20:18:59.674+0000] {docker.py:413} INFO - 24/05/09 20:18:59 INFO Utils: Copying /opt/bitnami/spark/.ivy2/jars/com.amazonaws_aws-java-sdk-bundle-1.12.367.jar to /tmp/spark-86849f51-ecce-4122-a84c-da960b0e4d1a/userFiles-afc4b55c-7eec-4cb4-81dd-c19acaa7069a/com.amazonaws_aws-java-sdk-bundle-1.12.367.jar
[2024-05-09T20:19:00.106+0000] {docker.py:413} INFO - 24/05/09 20:19:00 INFO SparkContext: Added file file:///opt/bitnami/spark/.ivy2/jars/org.wildfly.openssl_wildfly-openssl-1.1.3.Final.jar at file:///opt/bitnami/spark/.ivy2/jars/org.wildfly.openssl_wildfly-openssl-1.1.3.Final.jar with timestamp 1715285938312
[2024-05-09T20:19:00.106+0000] {docker.py:413} INFO - 24/05/09 20:19:00 INFO Utils: Copying /opt/bitnami/spark/.ivy2/jars/org.wildfly.openssl_wildfly-openssl-1.1.3.Final.jar to /tmp/spark-86849f51-ecce-4122-a84c-da960b0e4d1a/userFiles-afc4b55c-7eec-4cb4-81dd-c19acaa7069a/org.wildfly.openssl_wildfly-openssl-1.1.3.Final.jar
[2024-05-09T20:19:00.219+0000] {docker.py:413} INFO - 24/05/09 20:19:00 INFO Executor: Starting executor ID driver on host localhost
[2024-05-09T20:19:00.237+0000] {docker.py:413} INFO - 24/05/09 20:19:00 INFO Executor: Starting executor with user classpath (userClassPathFirst = false): ''
[2024-05-09T20:19:00.293+0000] {docker.py:413} INFO - 24/05/09 20:19:00 INFO Executor: Fetching file:///opt/bitnami/spark/.ivy2/jars/org.apache.hadoop_hadoop-aws-3.3.6.jar with timestamp 1715285938312
[2024-05-09T20:19:00.388+0000] {docker.py:413} INFO - 24/05/09 20:19:00 INFO Utils: /opt/bitnami/spark/.ivy2/jars/org.apache.hadoop_hadoop-aws-3.3.6.jar has been previously copied to /tmp/spark-86849f51-ecce-4122-a84c-da960b0e4d1a/userFiles-afc4b55c-7eec-4cb4-81dd-c19acaa7069a/org.apache.hadoop_hadoop-aws-3.3.6.jar
[2024-05-09T20:19:00.398+0000] {docker.py:413} INFO - 24/05/09 20:19:00 INFO Executor: Fetching file:///opt/bitnami/spark/.ivy2/jars/io.delta_delta-core_2.12-2.4.0.jar with timestamp 1715285938312
[2024-05-09T20:19:00.409+0000] {docker.py:413} INFO - 24/05/09 20:19:00 INFO Utils: /opt/bitnami/spark/.ivy2/jars/io.delta_delta-core_2.12-2.4.0.jar has been previously copied to /tmp/spark-86849f51-ecce-4122-a84c-da960b0e4d1a/userFiles-afc4b55c-7eec-4cb4-81dd-c19acaa7069a/io.delta_delta-core_2.12-2.4.0.jar
[2024-05-09T20:19:00.449+0000] {docker.py:413} INFO - 24/05/09 20:19:00 INFO Executor: Fetching file:///opt/bitnami/spark/.ivy2/jars/io.delta_delta-storage-2.4.0.jar with timestamp 1715285938312
[2024-05-09T20:19:00.450+0000] {docker.py:413} INFO - 24/05/09 20:19:00 INFO Utils: /opt/bitnami/spark/.ivy2/jars/io.delta_delta-storage-2.4.0.jar has been previously copied to /tmp/spark-86849f51-ecce-4122-a84c-da960b0e4d1a/userFiles-afc4b55c-7eec-4cb4-81dd-c19acaa7069a/io.delta_delta-storage-2.4.0.jar
[2024-05-09T20:19:00.451+0000] {docker.py:413} INFO - 24/05/09 20:19:00 INFO Executor: Fetching file:///opt/bitnami/spark/.ivy2/jars/org.antlr_antlr4-runtime-4.9.3.jar with timestamp 1715285938312
[2024-05-09T20:19:00.453+0000] {docker.py:413} INFO - 24/05/09 20:19:00 INFO Utils: /opt/bitnami/spark/.ivy2/jars/org.antlr_antlr4-runtime-4.9.3.jar has been previously copied to /tmp/spark-86849f51-ecce-4122-a84c-da960b0e4d1a/userFiles-afc4b55c-7eec-4cb4-81dd-c19acaa7069a/org.antlr_antlr4-runtime-4.9.3.jar
[2024-05-09T20:19:00.457+0000] {docker.py:413} INFO - 24/05/09 20:19:00 INFO Executor: Fetching file:///opt/bitnami/spark/.ivy2/jars/org.wildfly.openssl_wildfly-openssl-1.1.3.Final.jar with timestamp 1715285938312
[2024-05-09T20:19:00.458+0000] {docker.py:413} INFO - 24/05/09 20:19:00 INFO Utils: /opt/bitnami/spark/.ivy2/jars/org.wildfly.openssl_wildfly-openssl-1.1.3.Final.jar has been previously copied to /tmp/spark-86849f51-ecce-4122-a84c-da960b0e4d1a/userFiles-afc4b55c-7eec-4cb4-81dd-c19acaa7069a/org.wildfly.openssl_wildfly-openssl-1.1.3.Final.jar
[2024-05-09T20:19:00.463+0000] {docker.py:413} INFO - 24/05/09 20:19:00 INFO Executor: Fetching file:///opt/bitnami/spark/.ivy2/jars/com.amazonaws_aws-java-sdk-bundle-1.12.367.jar with timestamp 1715285938312
[2024-05-09T20:19:00.748+0000] {docker.py:413} INFO - 24/05/09 20:19:00 INFO Utils: /opt/bitnami/spark/.ivy2/jars/com.amazonaws_aws-java-sdk-bundle-1.12.367.jar has been previously copied to /tmp/spark-86849f51-ecce-4122-a84c-da960b0e4d1a/userFiles-afc4b55c-7eec-4cb4-81dd-c19acaa7069a/com.amazonaws_aws-java-sdk-bundle-1.12.367.jar
[2024-05-09T20:19:00.756+0000] {docker.py:413} INFO - 24/05/09 20:19:00 INFO Executor: Fetching spark://localhost:38559/jars/org.antlr_antlr4-runtime-4.9.3.jar with timestamp 1715285938312
[2024-05-09T20:19:00.828+0000] {docker.py:413} INFO - 24/05/09 20:19:00 INFO TransportClientFactory: Successfully created connection to localhost/127.0.0.1:38559 after 53 ms (0 ms spent in bootstraps)
[2024-05-09T20:19:00.842+0000] {docker.py:413} INFO - 24/05/09 20:19:00 INFO Utils: Fetching spark://localhost:38559/jars/org.antlr_antlr4-runtime-4.9.3.jar to /tmp/spark-86849f51-ecce-4122-a84c-da960b0e4d1a/userFiles-afc4b55c-7eec-4cb4-81dd-c19acaa7069a/fetchFileTemp13077693650317500312.tmp
[2024-05-09T20:19:00.905+0000] {docker.py:413} INFO - 24/05/09 20:19:00 INFO Utils: /tmp/spark-86849f51-ecce-4122-a84c-da960b0e4d1a/userFiles-afc4b55c-7eec-4cb4-81dd-c19acaa7069a/fetchFileTemp13077693650317500312.tmp has been previously copied to /tmp/spark-86849f51-ecce-4122-a84c-da960b0e4d1a/userFiles-afc4b55c-7eec-4cb4-81dd-c19acaa7069a/org.antlr_antlr4-runtime-4.9.3.jar
[2024-05-09T20:19:00.915+0000] {docker.py:413} INFO - 24/05/09 20:19:00 INFO Executor: Adding file:/tmp/spark-86849f51-ecce-4122-a84c-da960b0e4d1a/userFiles-afc4b55c-7eec-4cb4-81dd-c19acaa7069a/org.antlr_antlr4-runtime-4.9.3.jar to class loader
[2024-05-09T20:19:00.915+0000] {docker.py:413} INFO - 24/05/09 20:19:00 INFO Executor: Fetching spark://localhost:38559/jars/io.delta_delta-storage-2.4.0.jar with timestamp 1715285938312
[2024-05-09T20:19:00.918+0000] {docker.py:413} INFO - 24/05/09 20:19:00 INFO Utils: Fetching spark://localhost:38559/jars/io.delta_delta-storage-2.4.0.jar to /tmp/spark-86849f51-ecce-4122-a84c-da960b0e4d1a/userFiles-afc4b55c-7eec-4cb4-81dd-c19acaa7069a/fetchFileTemp1917248175361401339.tmp
[2024-05-09T20:19:00.923+0000] {docker.py:413} INFO - 24/05/09 20:19:00 INFO Utils: /tmp/spark-86849f51-ecce-4122-a84c-da960b0e4d1a/userFiles-afc4b55c-7eec-4cb4-81dd-c19acaa7069a/fetchFileTemp1917248175361401339.tmp has been previously copied to /tmp/spark-86849f51-ecce-4122-a84c-da960b0e4d1a/userFiles-afc4b55c-7eec-4cb4-81dd-c19acaa7069a/io.delta_delta-storage-2.4.0.jar
[2024-05-09T20:19:00.935+0000] {docker.py:413} INFO - 24/05/09 20:19:00 INFO Executor: Adding file:/tmp/spark-86849f51-ecce-4122-a84c-da960b0e4d1a/userFiles-afc4b55c-7eec-4cb4-81dd-c19acaa7069a/io.delta_delta-storage-2.4.0.jar to class loader
[2024-05-09T20:19:00.936+0000] {docker.py:413} INFO - 24/05/09 20:19:00 INFO Executor: Fetching spark://localhost:38559/jars/org.apache.hadoop_hadoop-aws-3.3.6.jar with timestamp 1715285938312
[2024-05-09T20:19:00.937+0000] {docker.py:413} INFO - 24/05/09 20:19:00 INFO Utils: Fetching spark://localhost:38559/jars/org.apache.hadoop_hadoop-aws-3.3.6.jar to /tmp/spark-86849f51-ecce-4122-a84c-da960b0e4d1a/userFiles-afc4b55c-7eec-4cb4-81dd-c19acaa7069a/fetchFileTemp12913714088564613347.tmp
[2024-05-09T20:19:00.950+0000] {docker.py:413} INFO - 24/05/09 20:19:00 INFO Utils: /tmp/spark-86849f51-ecce-4122-a84c-da960b0e4d1a/userFiles-afc4b55c-7eec-4cb4-81dd-c19acaa7069a/fetchFileTemp12913714088564613347.tmp has been previously copied to /tmp/spark-86849f51-ecce-4122-a84c-da960b0e4d1a/userFiles-afc4b55c-7eec-4cb4-81dd-c19acaa7069a/org.apache.hadoop_hadoop-aws-3.3.6.jar
[2024-05-09T20:19:00.954+0000] {docker.py:413} INFO - 24/05/09 20:19:00 INFO Executor: Adding file:/tmp/spark-86849f51-ecce-4122-a84c-da960b0e4d1a/userFiles-afc4b55c-7eec-4cb4-81dd-c19acaa7069a/org.apache.hadoop_hadoop-aws-3.3.6.jar to class loader
[2024-05-09T20:19:00.956+0000] {docker.py:413} INFO - 24/05/09 20:19:00 INFO Executor: Fetching spark://localhost:38559/jars/org.wildfly.openssl_wildfly-openssl-1.1.3.Final.jar with timestamp 1715285938312
[2024-05-09T20:19:00.956+0000] {docker.py:413} INFO - 24/05/09 20:19:00 INFO Utils: Fetching spark://localhost:38559/jars/org.wildfly.openssl_wildfly-openssl-1.1.3.Final.jar to /tmp/spark-86849f51-ecce-4122-a84c-da960b0e4d1a/userFiles-afc4b55c-7eec-4cb4-81dd-c19acaa7069a/fetchFileTemp8958603381556197732.tmp
[2024-05-09T20:19:00.966+0000] {docker.py:413} INFO - 24/05/09 20:19:00 INFO Utils: /tmp/spark-86849f51-ecce-4122-a84c-da960b0e4d1a/userFiles-afc4b55c-7eec-4cb4-81dd-c19acaa7069a/fetchFileTemp8958603381556197732.tmp has been previously copied to /tmp/spark-86849f51-ecce-4122-a84c-da960b0e4d1a/userFiles-afc4b55c-7eec-4cb4-81dd-c19acaa7069a/org.wildfly.openssl_wildfly-openssl-1.1.3.Final.jar
[2024-05-09T20:19:00.973+0000] {docker.py:413} INFO - 24/05/09 20:19:00 INFO Executor: Adding file:/tmp/spark-86849f51-ecce-4122-a84c-da960b0e4d1a/userFiles-afc4b55c-7eec-4cb4-81dd-c19acaa7069a/org.wildfly.openssl_wildfly-openssl-1.1.3.Final.jar to class loader
[2024-05-09T20:19:00.974+0000] {docker.py:413} INFO - 24/05/09 20:19:00 INFO Executor: Fetching spark://localhost:38559/jars/com.amazonaws_aws-java-sdk-bundle-1.12.367.jar with timestamp 1715285938312
[2024-05-09T20:19:00.975+0000] {docker.py:413} INFO - 24/05/09 20:19:00 INFO Utils: Fetching spark://localhost:38559/jars/com.amazonaws_aws-java-sdk-bundle-1.12.367.jar to /tmp/spark-86849f51-ecce-4122-a84c-da960b0e4d1a/userFiles-afc4b55c-7eec-4cb4-81dd-c19acaa7069a/fetchFileTemp17143879369311679543.tmp
[2024-05-09T20:19:03.111+0000] {docker.py:413} INFO - 24/05/09 20:19:03 INFO Utils: /tmp/spark-86849f51-ecce-4122-a84c-da960b0e4d1a/userFiles-afc4b55c-7eec-4cb4-81dd-c19acaa7069a/fetchFileTemp17143879369311679543.tmp has been previously copied to /tmp/spark-86849f51-ecce-4122-a84c-da960b0e4d1a/userFiles-afc4b55c-7eec-4cb4-81dd-c19acaa7069a/com.amazonaws_aws-java-sdk-bundle-1.12.367.jar
[2024-05-09T20:19:03.171+0000] {docker.py:413} INFO - 24/05/09 20:19:03 INFO Executor: Adding file:/tmp/spark-86849f51-ecce-4122-a84c-da960b0e4d1a/userFiles-afc4b55c-7eec-4cb4-81dd-c19acaa7069a/com.amazonaws_aws-java-sdk-bundle-1.12.367.jar to class loader
[2024-05-09T20:19:03.171+0000] {docker.py:413} INFO - 24/05/09 20:19:03 INFO Executor: Fetching spark://localhost:38559/jars/io.delta_delta-core_2.12-2.4.0.jar with timestamp 1715285938312
[2024-05-09T20:19:03.172+0000] {docker.py:413} INFO - 24/05/09 20:19:03 INFO Utils: Fetching spark://localhost:38559/jars/io.delta_delta-core_2.12-2.4.0.jar to /tmp/spark-86849f51-ecce-4122-a84c-da960b0e4d1a/userFiles-afc4b55c-7eec-4cb4-81dd-c19acaa7069a/fetchFileTemp1969967958254859084.tmp
[2024-05-09T20:19:03.190+0000] {docker.py:413} INFO - 24/05/09 20:19:03 INFO Utils: /tmp/spark-86849f51-ecce-4122-a84c-da960b0e4d1a/userFiles-afc4b55c-7eec-4cb4-81dd-c19acaa7069a/fetchFileTemp1969967958254859084.tmp has been previously copied to /tmp/spark-86849f51-ecce-4122-a84c-da960b0e4d1a/userFiles-afc4b55c-7eec-4cb4-81dd-c19acaa7069a/io.delta_delta-core_2.12-2.4.0.jar
[2024-05-09T20:19:03.311+0000] {docker.py:413} INFO - 24/05/09 20:19:03 INFO Executor: Adding file:/tmp/spark-86849f51-ecce-4122-a84c-da960b0e4d1a/userFiles-afc4b55c-7eec-4cb4-81dd-c19acaa7069a/io.delta_delta-core_2.12-2.4.0.jar to class loader
[2024-05-09T20:19:03.348+0000] {docker.py:413} INFO - 24/05/09 20:19:03 INFO Utils: Successfully started service 'org.apache.spark.network.netty.NettyBlockTransferService' on port 40899.
[2024-05-09T20:19:03.354+0000] {docker.py:413} INFO - 24/05/09 20:19:03 INFO NettyBlockTransferService: Server created on localhost:40899
[2024-05-09T20:19:03.362+0000] {docker.py:413} INFO - 24/05/09 20:19:03 INFO BlockManager: Using org.apache.spark.storage.RandomBlockReplicationPolicy for block replication policy
[2024-05-09T20:19:03.387+0000] {docker.py:413} INFO - 24/05/09 20:19:03 INFO BlockManagerMaster: Registering BlockManager BlockManagerId(driver, localhost, 40899, None)
[2024-05-09T20:19:03.401+0000] {docker.py:413} INFO - 24/05/09 20:19:03 INFO BlockManagerMasterEndpoint: Registering block manager localhost:40899 with 434.4 MiB RAM, BlockManagerId(driver, localhost, 40899, None)
[2024-05-09T20:19:03.405+0000] {docker.py:413} INFO - 24/05/09 20:19:03 INFO BlockManagerMaster: Registered BlockManager BlockManagerId(driver, localhost, 40899, None)
[2024-05-09T20:19:03.408+0000] {docker.py:413} INFO - 24/05/09 20:19:03 INFO BlockManager: Initialized BlockManager: BlockManagerId(driver, localhost, 40899, None)
[2024-05-09T20:19:22.929+0000] {docker.py:413} INFO - Traceback (most recent call last):
  File "/opt/spark-apps/csv_to_delta.py", line 36, in <module>
[2024-05-09T20:19:22.930+0000] {docker.py:413} INFO - main()
  File "/opt/spark-apps/csv_to_delta.py", line 17, in main
    spark.sql("DROP SCHEMA IF EXISTS wba CASCADE")
  File "/opt/bitnami/spark/python/lib/pyspark.zip/pyspark/sql/session.py", line 1440, in sql
  File "/opt/bitnami/spark/python/lib/py4j-0.10.9.7-src.zip/py4j/java_gateway.py", line 1322, in __call__
[2024-05-09T20:19:22.932+0000] {docker.py:413} INFO - File "/opt/bitnami/spark/python/lib/pyspark.zip/pyspark/errors/exceptions/captured.py", line 175, in deco
[2024-05-09T20:19:22.932+0000] {docker.py:413} INFO - pyspark.errors.exceptions.captured.AnalysisException
[2024-05-09T20:19:22.950+0000] {docker.py:413} INFO - : org.apache.hadoop.hive.ql.metadata.HiveException: java.lang.RuntimeException: Unable to instantiate org.apache.hadoop.hive.ql.metadata.SessionHiveMetaStoreClient
[2024-05-09T20:19:24.924+0000] {taskinstance.py:1937} ERROR - Task failed with exception
Traceback (most recent call last):
  File "/home/airflow/.local/lib/python3.8/site-packages/docker/api/client.py", line 268, in _raise_for_status
    response.raise_for_status()
  File "/home/airflow/.local/lib/python3.8/site-packages/requests/models.py", line 1021, in raise_for_status
    raise HTTPError(http_error_msg, response=self)
requests.exceptions.HTTPError: 400 Client Error: Bad Request for url: http://docker-proxy:2375/v1.43/containers/create

The above exception was the direct cause of the following exception:

Traceback (most recent call last):
  File "/home/airflow/.local/lib/python3.8/site-packages/airflow/providers/docker/operators/docker.py", line 348, in _run_image
    return self._run_image_with_mounts([*self.mounts, tmp_mount], add_tmp_variable=True)
  File "/home/airflow/.local/lib/python3.8/site-packages/airflow/providers/docker/operators/docker.py", line 375, in _run_image_with_mounts
    self.container = self.cli.create_container(
  File "/home/airflow/.local/lib/python3.8/site-packages/docker/api/container.py", line 431, in create_container
    return self.create_container_from_config(config, name, platform)
  File "/home/airflow/.local/lib/python3.8/site-packages/docker/api/container.py", line 448, in create_container_from_config
    return self._result(res, True)
  File "/home/airflow/.local/lib/python3.8/site-packages/docker/api/client.py", line 274, in _result
    self._raise_for_status(response)
  File "/home/airflow/.local/lib/python3.8/site-packages/docker/api/client.py", line 270, in _raise_for_status
    raise create_api_error_from_http_exception(e) from e
  File "/home/airflow/.local/lib/python3.8/site-packages/docker/errors.py", line 39, in create_api_error_from_http_exception
    raise cls(e, response=response, explanation=explanation) from e
docker.errors.APIError: 400 Client Error for http://docker-proxy:2375/v1.43/containers/create: Bad Request ("invalid mount config for type "bind": bind source path does not exist: /tmp/airflowtmp3t8f9l1o")

During handling of the above exception, another exception occurred:

Traceback (most recent call last):
  File "/home/airflow/.local/lib/python3.8/site-packages/airflow/providers/docker/operators/docker.py", line 486, in execute
    return self._run_image()
  File "/home/airflow/.local/lib/python3.8/site-packages/airflow/providers/docker/operators/docker.py", line 357, in _run_image
    return self._run_image_with_mounts(self.mounts, add_tmp_variable=False)
  File "/home/airflow/.local/lib/python3.8/site-packages/airflow/providers/docker/operators/docker.py", line 421, in _run_image_with_mounts
    raise DockerContainerFailedException(f"Docker container failed: {result!r}", logs=log_lines)
airflow.providers.docker.exceptions.DockerContainerFailedException: Docker container failed: {'StatusCode': 1}
[2024-05-09T20:19:24.934+0000] {taskinstance.py:1400} INFO - Marking task as UP_FOR_RETRY. dag_id=pyspark_dag, task_id=pyspark_minio, execution_date=20240509T201546, start_date=20240509T201549, end_date=20240509T201924
[2024-05-09T20:19:24.992+0000] {standard_task_runner.py:104} ERROR - Failed to execute job 10 for task pyspark_minio (Docker container failed: {'StatusCode': 1}; 655)
[2024-05-09T20:19:25.050+0000] {local_task_job_runner.py:228} INFO - Task exited with return code 1
[2024-05-09T20:19:25.083+0000] {taskinstance.py:2778} INFO - 0 downstream tasks scheduled from follow-on schedule check
