[2024-05-09T20:19:33.259+0000] {taskinstance.py:1159} INFO - Dependencies all met for dep_context=non-requeueable deps ti=<TaskInstance: pyspark_dag.pyspark_minio manual__2024-05-09T20:15:46.489838+00:00 [queued]>
[2024-05-09T20:19:33.279+0000] {taskinstance.py:1159} INFO - Dependencies all met for dep_context=requeueable deps ti=<TaskInstance: pyspark_dag.pyspark_minio manual__2024-05-09T20:15:46.489838+00:00 [queued]>
[2024-05-09T20:19:33.279+0000] {taskinstance.py:1361} INFO - Starting attempt 2 of 2
[2024-05-09T20:19:33.323+0000] {taskinstance.py:1382} INFO - Executing <Task(DockerOperator): pyspark_minio> on 2024-05-09 20:15:46.489838+00:00
[2024-05-09T20:19:33.338+0000] {standard_task_runner.py:57} INFO - Started process 2358 to run task
[2024-05-09T20:19:33.353+0000] {standard_task_runner.py:84} INFO - Running: ['***', 'tasks', 'run', 'pyspark_dag', 'pyspark_minio', 'manual__2024-05-09T20:15:46.489838+00:00', '--job-id', '11', '--raw', '--subdir', 'DAGS_FOLDER/dag_spark.py', '--cfg-path', '/tmp/tmpnxtsxndd']
[2024-05-09T20:19:33.358+0000] {standard_task_runner.py:85} INFO - Job 11: Subtask pyspark_minio
[2024-05-09T20:19:33.518+0000] {task_command.py:416} INFO - Running <TaskInstance: pyspark_dag.pyspark_minio manual__2024-05-09T20:15:46.489838+00:00 [running]> on host ef6abd42a040
[2024-05-09T20:19:33.741+0000] {taskinstance.py:1662} INFO - Exporting env vars: AIRFLOW_CTX_DAG_OWNER='***' AIRFLOW_CTX_DAG_ID='pyspark_dag' AIRFLOW_CTX_TASK_ID='pyspark_minio' AIRFLOW_CTX_EXECUTION_DATE='2024-05-09T20:15:46.489838+00:00' AIRFLOW_CTX_TRY_NUMBER='2' AIRFLOW_CTX_DAG_RUN_ID='manual__2024-05-09T20:15:46.489838+00:00'
[2024-05-09T20:19:33.800+0000] {docker.py:343} INFO - Starting docker container from image wba-demo/spark:latest
[2024-05-09T20:19:33.815+0000] {docker.py:351} WARNING - Using remote engine or docker-in-docker and mounting temporary volume from host is not supported. Falling back to `mount_tmp_dir=False` mode. You can set `mount_tmp_dir` parameter to False to disable mounting and remove the warning
[2024-05-09T20:19:34.676+0000] {docker.py:413} INFO - [38;5;6mspark [38;5;5m20:19:34.67 [0m[38;5;2mINFO [0m ==>
[2024-05-09T20:19:34.681+0000] {docker.py:413} INFO - [38;5;6mspark [38;5;5m20:19:34.67 [0m[38;5;2mINFO [0m ==> [1mWelcome to the Bitnami spark container[0m
[2024-05-09T20:19:34.684+0000] {docker.py:413} INFO - [38;5;6mspark [38;5;5m20:19:34.68 [0m[38;5;2mINFO [0m ==> Subscribe to project updates by watching [1mhttps://github.com/bitnami/containers[0m
[2024-05-09T20:19:34.690+0000] {docker.py:413} INFO - [38;5;6mspark [38;5;5m20:19:34.68 [0m[38;5;2mINFO [0m ==> Submit issues and feature requests at [1mhttps://github.com/bitnami/containers/issues[0m
[2024-05-09T20:19:34.696+0000] {docker.py:413} INFO - [38;5;6mspark [38;5;5m20:19:34.69 [0m[38;5;2mINFO [0m ==>
[2024-05-09T20:19:34.710+0000] {docker.py:413} INFO - 
[2024-05-09T20:19:41.784+0000] {docker.py:413} INFO - :: loading settings :: url = jar:file:/opt/bitnami/spark/jars/ivy-2.5.1.jar!/org/apache/ivy/core/settings/ivysettings.xml
[2024-05-09T20:19:41.918+0000] {docker.py:413} INFO - Ivy Default Cache set to: /opt/bitnami/spark/.ivy2/cache
The jars for the packages stored in: /opt/bitnami/spark/.ivy2/jars
[2024-05-09T20:19:41.928+0000] {docker.py:413} INFO - io.delta#delta-core_2.12 added as a dependency
[2024-05-09T20:19:41.928+0000] {docker.py:413} INFO - org.apache.hadoop#hadoop-aws added as a dependency
[2024-05-09T20:19:41.930+0000] {docker.py:413} INFO - :: resolving dependencies :: org.apache.spark#spark-submit-parent-96c3842a-edfb-41a0-9ab3-92a9e770354c;1.0
	confs: [default]
[2024-05-09T20:19:44.353+0000] {docker.py:413} INFO - found io.delta#delta-core_2.12;2.4.0 in central
[2024-05-09T20:19:44.914+0000] {docker.py:413} INFO - found io.delta#delta-storage;2.4.0 in central
[2024-05-09T20:19:49.227+0000] {docker.py:413} INFO - found org.antlr#antlr4-runtime;4.9.3 in central
[2024-05-09T20:19:53.539+0000] {docker.py:413} INFO - found org.apache.hadoop#hadoop-aws;3.3.6 in central
[2024-05-09T20:19:55.864+0000] {docker.py:413} INFO - found com.amazonaws#aws-java-sdk-bundle;1.12.367 in central
[2024-05-09T20:19:59.544+0000] {docker.py:413} INFO - found org.wildfly.openssl#wildfly-openssl;1.1.3.Final in central
[2024-05-09T20:19:59.775+0000] {docker.py:413} INFO - downloading https://repo1.maven.org/maven2/io/delta/delta-core_2.12/2.4.0/delta-core_2.12-2.4.0.jar ...
[2024-05-09T20:20:01.242+0000] {docker.py:413} INFO - [SUCCESSFUL ] io.delta#delta-core_2.12;2.4.0!delta-core_2.12.jar (1649ms)
[2024-05-09T20:20:01.432+0000] {docker.py:413} INFO - downloading https://repo1.maven.org/maven2/org/apache/hadoop/hadoop-aws/3.3.6/hadoop-aws-3.3.6.jar ...
[2024-05-09T20:20:01.757+0000] {docker.py:413} INFO - [SUCCESSFUL ] org.apache.hadoop#hadoop-aws;3.3.6!hadoop-aws.jar (509ms)
[2024-05-09T20:20:01.941+0000] {docker.py:413} INFO - downloading https://repo1.maven.org/maven2/io/delta/delta-storage/2.4.0/delta-storage-2.4.0.jar ...
[2024-05-09T20:20:02.128+0000] {docker.py:413} INFO - [SUCCESSFUL ] io.delta#delta-storage;2.4.0!delta-storage.jar (368ms)
[2024-05-09T20:20:02.313+0000] {docker.py:413} INFO - downloading https://repo1.maven.org/maven2/org/antlr/antlr4-runtime/4.9.3/antlr4-runtime-4.9.3.jar ...
[2024-05-09T20:20:02.557+0000] {docker.py:413} INFO - [SUCCESSFUL ] org.antlr#antlr4-runtime;4.9.3!antlr4-runtime.jar (427ms)
[2024-05-09T20:20:02.751+0000] {docker.py:413} INFO - downloading https://repo1.maven.org/maven2/com/amazonaws/aws-java-sdk-bundle/1.12.367/aws-java-sdk-bundle-1.12.367.jar ...
[2024-05-09T20:21:23.518+0000] {docker.py:413} INFO - [SUCCESSFUL ] com.amazonaws#aws-java-sdk-bundle;1.12.367!aws-java-sdk-bundle.jar (80957ms)
[2024-05-09T20:21:23.705+0000] {docker.py:413} INFO - downloading https://repo1.maven.org/maven2/org/wildfly/openssl/wildfly-openssl/1.1.3.Final/wildfly-openssl-1.1.3.Final.jar ...
[2024-05-09T20:21:23.976+0000] {docker.py:413} INFO - [SUCCESSFUL ] org.wildfly.openssl#wildfly-openssl;1.1.3.Final!wildfly-openssl.jar (456ms)
[2024-05-09T20:21:23.978+0000] {docker.py:413} INFO - :: resolution report :: resolve 17660ms :: artifacts dl 84388ms
[2024-05-09T20:21:23.978+0000] {docker.py:413} INFO - :: modules in use:
[2024-05-09T20:21:23.979+0000] {docker.py:413} INFO - com.amazonaws#aws-java-sdk-bundle;1.12.367 from central in [default]
	io.delta#delta-core_2.12;2.4.0 from central in [default]
	io.delta#delta-storage;2.4.0 from central in [default]
	org.antlr#antlr4-runtime;4.9.3 from central in [default]
[2024-05-09T20:21:23.981+0000] {docker.py:413} INFO - org.apache.hadoop#hadoop-aws;3.3.6 from central in [default]
[2024-05-09T20:21:23.981+0000] {docker.py:413} INFO - org.wildfly.openssl#wildfly-openssl;1.1.3.Final from central in [default]
[2024-05-09T20:21:23.982+0000] {docker.py:413} INFO - ---------------------------------------------------------------------
	|                  |            modules            ||   artifacts   |
	|       conf       | number| search|dwnlded|evicted|| number|dwnlded|
	---------------------------------------------------------------------
	|      default     |   6   |   6   |   6   |   0   ||   6   |   6   |
	---------------------------------------------------------------------
[2024-05-09T20:21:23.989+0000] {docker.py:413} INFO - :: retrieving :: org.apache.spark#spark-submit-parent-96c3842a-edfb-41a0-9ab3-92a9e770354c
[2024-05-09T20:21:23.989+0000] {docker.py:413} INFO - confs: [default]
[2024-05-09T20:21:24.307+0000] {docker.py:413} INFO - 6 artifacts copied, 0 already retrieved (309034kB/319ms)
[2024-05-09T20:21:24.652+0000] {docker.py:413} INFO - 24/05/09 20:21:24 WARN NativeCodeLoader: Unable to load native-hadoop library for your platform... using builtin-java classes where applicable
[2024-05-09T20:21:26.128+0000] {docker.py:413} INFO - 24/05/09 20:21:26 INFO SparkContext: Running Spark version 3.4.1
[2024-05-09T20:21:26.187+0000] {docker.py:413} INFO - 24/05/09 20:21:26 INFO ResourceUtils: ==============================================================
[2024-05-09T20:21:26.188+0000] {docker.py:413} INFO - 24/05/09 20:21:26 INFO ResourceUtils: No custom resources configured for spark.driver.
[2024-05-09T20:21:26.190+0000] {docker.py:413} INFO - 24/05/09 20:21:26 INFO ResourceUtils: ==============================================================
[2024-05-09T20:21:26.194+0000] {docker.py:413} INFO - 24/05/09 20:21:26 INFO SparkContext: Submitted application: CSV File to Delta Lake Table
[2024-05-09T20:21:26.242+0000] {docker.py:413} INFO - 24/05/09 20:21:26 INFO ResourceProfile: Default ResourceProfile created, executor resources: Map(cores -> name: cores, amount: 1, script: , vendor: , memory -> name: memory, amount: 1024, script: , vendor: , offHeap -> name: offHeap, amount: 0, script: , vendor: ), task resources: Map(cpus -> name: cpus, amount: 1.0)
[2024-05-09T20:21:26.278+0000] {docker.py:413} INFO - 24/05/09 20:21:26 INFO ResourceProfile: Limiting resource is cpu
[2024-05-09T20:21:26.282+0000] {docker.py:413} INFO - 24/05/09 20:21:26 INFO ResourceProfileManager: Added ResourceProfile id: 0
[2024-05-09T20:21:26.518+0000] {docker.py:413} INFO - 24/05/09 20:21:26 INFO SecurityManager: Changing view acls to: spark
[2024-05-09T20:21:26.521+0000] {docker.py:413} INFO - 24/05/09 20:21:26 INFO SecurityManager: Changing modify acls to: spark
[2024-05-09T20:21:26.522+0000] {docker.py:413} INFO - 24/05/09 20:21:26 INFO SecurityManager: Changing view acls groups to:
[2024-05-09T20:21:26.522+0000] {docker.py:413} INFO - 24/05/09 20:21:26 INFO SecurityManager: Changing modify acls groups to:
[2024-05-09T20:21:26.535+0000] {docker.py:413} INFO - 24/05/09 20:21:26 INFO SecurityManager: SecurityManager: authentication disabled; ui acls disabled; users with view permissions: spark; groups with view permissions: EMPTY; users with modify permissions: spark; groups with modify permissions: EMPTY
[2024-05-09T20:21:26.970+0000] {docker.py:413} INFO - 24/05/09 20:21:26 INFO Utils: Successfully started service 'sparkDriver' on port 33327.
[2024-05-09T20:21:27.023+0000] {docker.py:413} INFO - 24/05/09 20:21:27 INFO SparkEnv: Registering MapOutputTracker
[2024-05-09T20:21:27.063+0000] {docker.py:413} INFO - 24/05/09 20:21:27 INFO SparkEnv: Registering BlockManagerMaster
[2024-05-09T20:21:27.085+0000] {docker.py:413} INFO - 24/05/09 20:21:27 INFO BlockManagerMasterEndpoint: Using org.apache.spark.storage.DefaultTopologyMapper for getting topology information
[2024-05-09T20:21:27.086+0000] {docker.py:413} INFO - 24/05/09 20:21:27 INFO BlockManagerMasterEndpoint: BlockManagerMasterEndpoint up
[2024-05-09T20:21:27.090+0000] {docker.py:413} INFO - 24/05/09 20:21:27 INFO SparkEnv: Registering BlockManagerMasterHeartbeat
[2024-05-09T20:21:27.112+0000] {docker.py:413} INFO - 24/05/09 20:21:27 INFO DiskBlockManager: Created local directory at /tmp/blockmgr-b6bf02db-a996-4d0a-97bb-0fcadedef5d2
[2024-05-09T20:21:27.132+0000] {docker.py:413} INFO - 24/05/09 20:21:27 INFO MemoryStore: MemoryStore started with capacity 434.4 MiB
[2024-05-09T20:21:27.146+0000] {docker.py:413} INFO - 24/05/09 20:21:27 INFO SparkEnv: Registering OutputCommitCoordinator
[2024-05-09T20:21:27.395+0000] {docker.py:413} INFO - 24/05/09 20:21:27 INFO JettyUtils: Start Jetty 0.0.0.0:4040 for SparkUI
[2024-05-09T20:21:27.480+0000] {docker.py:413} INFO - 24/05/09 20:21:27 INFO Utils: Successfully started service 'SparkUI' on port 4040.
[2024-05-09T20:21:27.540+0000] {docker.py:413} INFO - 24/05/09 20:21:27 INFO SparkContext: Added JAR file:///opt/bitnami/spark/.ivy2/jars/io.delta_delta-core_2.12-2.4.0.jar at spark://localhost:33327/jars/io.delta_delta-core_2.12-2.4.0.jar with timestamp 1715286086112
[2024-05-09T20:21:27.541+0000] {docker.py:413} INFO - 24/05/09 20:21:27 INFO SparkContext: Added JAR file:///opt/bitnami/spark/.ivy2/jars/org.apache.hadoop_hadoop-aws-3.3.6.jar at spark://localhost:33327/jars/org.apache.hadoop_hadoop-aws-3.3.6.jar with timestamp 1715286086112
[2024-05-09T20:21:27.542+0000] {docker.py:413} INFO - 24/05/09 20:21:27 INFO SparkContext: Added JAR file:///opt/bitnami/spark/.ivy2/jars/io.delta_delta-storage-2.4.0.jar at spark://localhost:33327/jars/io.delta_delta-storage-2.4.0.jar with timestamp 1715286086112
[2024-05-09T20:21:27.542+0000] {docker.py:413} INFO - 24/05/09 20:21:27 INFO SparkContext: Added JAR file:///opt/bitnami/spark/.ivy2/jars/org.antlr_antlr4-runtime-4.9.3.jar at spark://localhost:33327/jars/org.antlr_antlr4-runtime-4.9.3.jar with timestamp 1715286086112
[2024-05-09T20:21:27.542+0000] {docker.py:413} INFO - 24/05/09 20:21:27 INFO SparkContext: Added JAR file:///opt/bitnami/spark/.ivy2/jars/com.amazonaws_aws-java-sdk-bundle-1.12.367.jar at spark://localhost:33327/jars/com.amazonaws_aws-java-sdk-bundle-1.12.367.jar with timestamp 1715286086112
[2024-05-09T20:21:27.543+0000] {docker.py:413} INFO - 24/05/09 20:21:27 INFO SparkContext: Added JAR file:///opt/bitnami/spark/.ivy2/jars/org.wildfly.openssl_wildfly-openssl-1.1.3.Final.jar at spark://localhost:33327/jars/org.wildfly.openssl_wildfly-openssl-1.1.3.Final.jar with timestamp 1715286086112
[2024-05-09T20:21:27.545+0000] {docker.py:413} INFO - 24/05/09 20:21:27 INFO SparkContext: Added file file:///opt/bitnami/spark/.ivy2/jars/io.delta_delta-core_2.12-2.4.0.jar at file:///opt/bitnami/spark/.ivy2/jars/io.delta_delta-core_2.12-2.4.0.jar with timestamp 1715286086112
[2024-05-09T20:21:27.548+0000] {docker.py:413} INFO - 24/05/09 20:21:27 INFO Utils: Copying /opt/bitnami/spark/.ivy2/jars/io.delta_delta-core_2.12-2.4.0.jar to /tmp/spark-7f419e99-8d07-41e2-bb5e-2c739f4b8b8e/userFiles-6af9bb94-95fb-4146-b964-d0bff8d7d627/io.delta_delta-core_2.12-2.4.0.jar
[2024-05-09T20:21:27.561+0000] {docker.py:413} INFO - 24/05/09 20:21:27 INFO SparkContext: Added file file:///opt/bitnami/spark/.ivy2/jars/org.apache.hadoop_hadoop-aws-3.3.6.jar at file:///opt/bitnami/spark/.ivy2/jars/org.apache.hadoop_hadoop-aws-3.3.6.jar with timestamp 1715286086112
[2024-05-09T20:21:27.562+0000] {docker.py:413} INFO - 24/05/09 20:21:27 INFO Utils: Copying /opt/bitnami/spark/.ivy2/jars/org.apache.hadoop_hadoop-aws-3.3.6.jar to /tmp/spark-7f419e99-8d07-41e2-bb5e-2c739f4b8b8e/userFiles-6af9bb94-95fb-4146-b964-d0bff8d7d627/org.apache.hadoop_hadoop-aws-3.3.6.jar
[2024-05-09T20:21:27.566+0000] {docker.py:413} INFO - 24/05/09 20:21:27 INFO SparkContext: Added file file:///opt/bitnami/spark/.ivy2/jars/io.delta_delta-storage-2.4.0.jar at file:///opt/bitnami/spark/.ivy2/jars/io.delta_delta-storage-2.4.0.jar with timestamp 1715286086112
[2024-05-09T20:21:27.567+0000] {docker.py:413} INFO - 24/05/09 20:21:27 INFO Utils: Copying /opt/bitnami/spark/.ivy2/jars/io.delta_delta-storage-2.4.0.jar to /tmp/spark-7f419e99-8d07-41e2-bb5e-2c739f4b8b8e/userFiles-6af9bb94-95fb-4146-b964-d0bff8d7d627/io.delta_delta-storage-2.4.0.jar
[2024-05-09T20:21:27.575+0000] {docker.py:413} INFO - 24/05/09 20:21:27 INFO SparkContext: Added file file:///opt/bitnami/spark/.ivy2/jars/org.antlr_antlr4-runtime-4.9.3.jar at file:///opt/bitnami/spark/.ivy2/jars/org.antlr_antlr4-runtime-4.9.3.jar with timestamp 1715286086112
[2024-05-09T20:21:27.576+0000] {docker.py:413} INFO - 24/05/09 20:21:27 INFO Utils: Copying /opt/bitnami/spark/.ivy2/jars/org.antlr_antlr4-runtime-4.9.3.jar to /tmp/spark-7f419e99-8d07-41e2-bb5e-2c739f4b8b8e/userFiles-6af9bb94-95fb-4146-b964-d0bff8d7d627/org.antlr_antlr4-runtime-4.9.3.jar
[2024-05-09T20:21:27.580+0000] {docker.py:413} INFO - 24/05/09 20:21:27 INFO SparkContext: Added file file:///opt/bitnami/spark/.ivy2/jars/com.amazonaws_aws-java-sdk-bundle-1.12.367.jar at file:///opt/bitnami/spark/.ivy2/jars/com.amazonaws_aws-java-sdk-bundle-1.12.367.jar with timestamp 1715286086112
[2024-05-09T20:21:27.582+0000] {docker.py:413} INFO - 24/05/09 20:21:27 INFO Utils: Copying /opt/bitnami/spark/.ivy2/jars/com.amazonaws_aws-java-sdk-bundle-1.12.367.jar to /tmp/spark-7f419e99-8d07-41e2-bb5e-2c739f4b8b8e/userFiles-6af9bb94-95fb-4146-b964-d0bff8d7d627/com.amazonaws_aws-java-sdk-bundle-1.12.367.jar
[2024-05-09T20:21:27.913+0000] {docker.py:413} INFO - 24/05/09 20:21:27 INFO SparkContext: Added file file:///opt/bitnami/spark/.ivy2/jars/org.wildfly.openssl_wildfly-openssl-1.1.3.Final.jar at file:///opt/bitnami/spark/.ivy2/jars/org.wildfly.openssl_wildfly-openssl-1.1.3.Final.jar with timestamp 1715286086112
[2024-05-09T20:21:27.913+0000] {docker.py:413} INFO - 24/05/09 20:21:27 INFO Utils: Copying /opt/bitnami/spark/.ivy2/jars/org.wildfly.openssl_wildfly-openssl-1.1.3.Final.jar to /tmp/spark-7f419e99-8d07-41e2-bb5e-2c739f4b8b8e/userFiles-6af9bb94-95fb-4146-b964-d0bff8d7d627/org.wildfly.openssl_wildfly-openssl-1.1.3.Final.jar
[2024-05-09T20:21:27.991+0000] {docker.py:413} INFO - 24/05/09 20:21:27 INFO Executor: Starting executor ID driver on host localhost
[2024-05-09T20:21:27.998+0000] {docker.py:413} INFO - 24/05/09 20:21:27 INFO Executor: Starting executor with user classpath (userClassPathFirst = false): ''
[2024-05-09T20:21:28.012+0000] {docker.py:413} INFO - 24/05/09 20:21:28 INFO Executor: Fetching file:///opt/bitnami/spark/.ivy2/jars/org.apache.hadoop_hadoop-aws-3.3.6.jar with timestamp 1715286086112
[2024-05-09T20:21:28.034+0000] {docker.py:413} INFO - 24/05/09 20:21:28 INFO Utils: /opt/bitnami/spark/.ivy2/jars/org.apache.hadoop_hadoop-aws-3.3.6.jar has been previously copied to /tmp/spark-7f419e99-8d07-41e2-bb5e-2c739f4b8b8e/userFiles-6af9bb94-95fb-4146-b964-d0bff8d7d627/org.apache.hadoop_hadoop-aws-3.3.6.jar
[2024-05-09T20:21:28.038+0000] {docker.py:413} INFO - 24/05/09 20:21:28 INFO Executor: Fetching file:///opt/bitnami/spark/.ivy2/jars/io.delta_delta-core_2.12-2.4.0.jar with timestamp 1715286086112
[2024-05-09T20:21:28.042+0000] {docker.py:413} INFO - 24/05/09 20:21:28 INFO Utils: /opt/bitnami/spark/.ivy2/jars/io.delta_delta-core_2.12-2.4.0.jar has been previously copied to /tmp/spark-7f419e99-8d07-41e2-bb5e-2c739f4b8b8e/userFiles-6af9bb94-95fb-4146-b964-d0bff8d7d627/io.delta_delta-core_2.12-2.4.0.jar
[2024-05-09T20:21:28.060+0000] {docker.py:413} INFO - 24/05/09 20:21:28 INFO Executor: Fetching file:///opt/bitnami/spark/.ivy2/jars/io.delta_delta-storage-2.4.0.jar with timestamp 1715286086112
[2024-05-09T20:21:28.061+0000] {docker.py:413} INFO - 24/05/09 20:21:28 INFO Utils: /opt/bitnami/spark/.ivy2/jars/io.delta_delta-storage-2.4.0.jar has been previously copied to /tmp/spark-7f419e99-8d07-41e2-bb5e-2c739f4b8b8e/userFiles-6af9bb94-95fb-4146-b964-d0bff8d7d627/io.delta_delta-storage-2.4.0.jar
[2024-05-09T20:21:28.066+0000] {docker.py:413} INFO - 24/05/09 20:21:28 INFO Executor: Fetching file:///opt/bitnami/spark/.ivy2/jars/org.antlr_antlr4-runtime-4.9.3.jar with timestamp 1715286086112
[2024-05-09T20:21:28.067+0000] {docker.py:413} INFO - 24/05/09 20:21:28 INFO Utils: /opt/bitnami/spark/.ivy2/jars/org.antlr_antlr4-runtime-4.9.3.jar has been previously copied to /tmp/spark-7f419e99-8d07-41e2-bb5e-2c739f4b8b8e/userFiles-6af9bb94-95fb-4146-b964-d0bff8d7d627/org.antlr_antlr4-runtime-4.9.3.jar
[2024-05-09T20:21:28.070+0000] {docker.py:413} INFO - 24/05/09 20:21:28 INFO Executor: Fetching file:///opt/bitnami/spark/.ivy2/jars/org.wildfly.openssl_wildfly-openssl-1.1.3.Final.jar with timestamp 1715286086112
[2024-05-09T20:21:28.071+0000] {docker.py:413} INFO - 24/05/09 20:21:28 INFO Utils: /opt/bitnami/spark/.ivy2/jars/org.wildfly.openssl_wildfly-openssl-1.1.3.Final.jar has been previously copied to /tmp/spark-7f419e99-8d07-41e2-bb5e-2c739f4b8b8e/userFiles-6af9bb94-95fb-4146-b964-d0bff8d7d627/org.wildfly.openssl_wildfly-openssl-1.1.3.Final.jar
[2024-05-09T20:21:28.074+0000] {docker.py:413} INFO - 24/05/09 20:21:28 INFO Executor: Fetching file:///opt/bitnami/spark/.ivy2/jars/com.amazonaws_aws-java-sdk-bundle-1.12.367.jar with timestamp 1715286086112
[2024-05-09T20:21:28.345+0000] {docker.py:413} INFO - 24/05/09 20:21:28 INFO Utils: /opt/bitnami/spark/.ivy2/jars/com.amazonaws_aws-java-sdk-bundle-1.12.367.jar has been previously copied to /tmp/spark-7f419e99-8d07-41e2-bb5e-2c739f4b8b8e/userFiles-6af9bb94-95fb-4146-b964-d0bff8d7d627/com.amazonaws_aws-java-sdk-bundle-1.12.367.jar
[2024-05-09T20:21:28.352+0000] {docker.py:413} INFO - 24/05/09 20:21:28 INFO Executor: Fetching spark://localhost:33327/jars/org.wildfly.openssl_wildfly-openssl-1.1.3.Final.jar with timestamp 1715286086112
[2024-05-09T20:21:28.440+0000] {docker.py:413} INFO - 24/05/09 20:21:28 INFO TransportClientFactory: Successfully created connection to localhost/127.0.0.1:33327 after 65 ms (0 ms spent in bootstraps)
[2024-05-09T20:21:28.456+0000] {docker.py:413} INFO - 24/05/09 20:21:28 INFO Utils: Fetching spark://localhost:33327/jars/org.wildfly.openssl_wildfly-openssl-1.1.3.Final.jar to /tmp/spark-7f419e99-8d07-41e2-bb5e-2c739f4b8b8e/userFiles-6af9bb94-95fb-4146-b964-d0bff8d7d627/fetchFileTemp9080942190134844238.tmp
[2024-05-09T20:21:28.490+0000] {docker.py:413} INFO - 24/05/09 20:21:28 INFO Utils: /tmp/spark-7f419e99-8d07-41e2-bb5e-2c739f4b8b8e/userFiles-6af9bb94-95fb-4146-b964-d0bff8d7d627/fetchFileTemp9080942190134844238.tmp has been previously copied to /tmp/spark-7f419e99-8d07-41e2-bb5e-2c739f4b8b8e/userFiles-6af9bb94-95fb-4146-b964-d0bff8d7d627/org.wildfly.openssl_wildfly-openssl-1.1.3.Final.jar
[2024-05-09T20:21:28.493+0000] {docker.py:413} INFO - 24/05/09 20:21:28 INFO Executor: Adding file:/tmp/spark-7f419e99-8d07-41e2-bb5e-2c739f4b8b8e/userFiles-6af9bb94-95fb-4146-b964-d0bff8d7d627/org.wildfly.openssl_wildfly-openssl-1.1.3.Final.jar to class loader
[2024-05-09T20:21:28.494+0000] {docker.py:413} INFO - 24/05/09 20:21:28 INFO Executor: Fetching spark://localhost:33327/jars/io.delta_delta-storage-2.4.0.jar with timestamp 1715286086112
[2024-05-09T20:21:28.496+0000] {docker.py:413} INFO - 24/05/09 20:21:28 INFO Utils: Fetching spark://localhost:33327/jars/io.delta_delta-storage-2.4.0.jar to /tmp/spark-7f419e99-8d07-41e2-bb5e-2c739f4b8b8e/userFiles-6af9bb94-95fb-4146-b964-d0bff8d7d627/fetchFileTemp12213322467433272294.tmp
[2024-05-09T20:21:28.500+0000] {docker.py:413} INFO - 24/05/09 20:21:28 INFO Utils: /tmp/spark-7f419e99-8d07-41e2-bb5e-2c739f4b8b8e/userFiles-6af9bb94-95fb-4146-b964-d0bff8d7d627/fetchFileTemp12213322467433272294.tmp has been previously copied to /tmp/spark-7f419e99-8d07-41e2-bb5e-2c739f4b8b8e/userFiles-6af9bb94-95fb-4146-b964-d0bff8d7d627/io.delta_delta-storage-2.4.0.jar
[2024-05-09T20:21:28.505+0000] {docker.py:413} INFO - 24/05/09 20:21:28 INFO Executor: Adding file:/tmp/spark-7f419e99-8d07-41e2-bb5e-2c739f4b8b8e/userFiles-6af9bb94-95fb-4146-b964-d0bff8d7d627/io.delta_delta-storage-2.4.0.jar to class loader
[2024-05-09T20:21:28.506+0000] {docker.py:413} INFO - 24/05/09 20:21:28 INFO Executor: Fetching spark://localhost:33327/jars/org.antlr_antlr4-runtime-4.9.3.jar with timestamp 1715286086112
[2024-05-09T20:21:28.507+0000] {docker.py:413} INFO - 24/05/09 20:21:28 INFO Utils: Fetching spark://localhost:33327/jars/org.antlr_antlr4-runtime-4.9.3.jar to /tmp/spark-7f419e99-8d07-41e2-bb5e-2c739f4b8b8e/userFiles-6af9bb94-95fb-4146-b964-d0bff8d7d627/fetchFileTemp3708673851251074351.tmp
[2024-05-09T20:21:28.511+0000] {docker.py:413} INFO - 24/05/09 20:21:28 INFO Utils: /tmp/spark-7f419e99-8d07-41e2-bb5e-2c739f4b8b8e/userFiles-6af9bb94-95fb-4146-b964-d0bff8d7d627/fetchFileTemp3708673851251074351.tmp has been previously copied to /tmp/spark-7f419e99-8d07-41e2-bb5e-2c739f4b8b8e/userFiles-6af9bb94-95fb-4146-b964-d0bff8d7d627/org.antlr_antlr4-runtime-4.9.3.jar
[2024-05-09T20:21:28.519+0000] {docker.py:413} INFO - 24/05/09 20:21:28 INFO Executor: Adding file:/tmp/spark-7f419e99-8d07-41e2-bb5e-2c739f4b8b8e/userFiles-6af9bb94-95fb-4146-b964-d0bff8d7d627/org.antlr_antlr4-runtime-4.9.3.jar to class loader
[2024-05-09T20:21:28.520+0000] {docker.py:413} INFO - 24/05/09 20:21:28 INFO Executor: Fetching spark://localhost:33327/jars/com.amazonaws_aws-java-sdk-bundle-1.12.367.jar with timestamp 1715286086112
[2024-05-09T20:21:28.521+0000] {docker.py:413} INFO - 24/05/09 20:21:28 INFO Utils: Fetching spark://localhost:33327/jars/com.amazonaws_aws-java-sdk-bundle-1.12.367.jar to /tmp/spark-7f419e99-8d07-41e2-bb5e-2c739f4b8b8e/userFiles-6af9bb94-95fb-4146-b964-d0bff8d7d627/fetchFileTemp14389219588504425163.tmp
[2024-05-09T20:21:29.963+0000] {docker.py:413} INFO - 24/05/09 20:21:29 INFO Utils: /tmp/spark-7f419e99-8d07-41e2-bb5e-2c739f4b8b8e/userFiles-6af9bb94-95fb-4146-b964-d0bff8d7d627/fetchFileTemp14389219588504425163.tmp has been previously copied to /tmp/spark-7f419e99-8d07-41e2-bb5e-2c739f4b8b8e/userFiles-6af9bb94-95fb-4146-b964-d0bff8d7d627/com.amazonaws_aws-java-sdk-bundle-1.12.367.jar
[2024-05-09T20:21:30.008+0000] {docker.py:413} INFO - 24/05/09 20:21:30 INFO Executor: Adding file:/tmp/spark-7f419e99-8d07-41e2-bb5e-2c739f4b8b8e/userFiles-6af9bb94-95fb-4146-b964-d0bff8d7d627/com.amazonaws_aws-java-sdk-bundle-1.12.367.jar to class loader
[2024-05-09T20:21:30.009+0000] {docker.py:413} INFO - 24/05/09 20:21:30 INFO Executor: Fetching spark://localhost:33327/jars/org.apache.hadoop_hadoop-aws-3.3.6.jar with timestamp 1715286086112
[2024-05-09T20:21:30.011+0000] {docker.py:413} INFO - 24/05/09 20:21:30 INFO Utils: Fetching spark://localhost:33327/jars/org.apache.hadoop_hadoop-aws-3.3.6.jar to /tmp/spark-7f419e99-8d07-41e2-bb5e-2c739f4b8b8e/userFiles-6af9bb94-95fb-4146-b964-d0bff8d7d627/fetchFileTemp5926003319156866205.tmp
[2024-05-09T20:21:30.015+0000] {docker.py:413} INFO - 24/05/09 20:21:30 INFO Utils: /tmp/spark-7f419e99-8d07-41e2-bb5e-2c739f4b8b8e/userFiles-6af9bb94-95fb-4146-b964-d0bff8d7d627/fetchFileTemp5926003319156866205.tmp has been previously copied to /tmp/spark-7f419e99-8d07-41e2-bb5e-2c739f4b8b8e/userFiles-6af9bb94-95fb-4146-b964-d0bff8d7d627/org.apache.hadoop_hadoop-aws-3.3.6.jar
[2024-05-09T20:21:30.019+0000] {docker.py:413} INFO - 24/05/09 20:21:30 INFO Executor: Adding file:/tmp/spark-7f419e99-8d07-41e2-bb5e-2c739f4b8b8e/userFiles-6af9bb94-95fb-4146-b964-d0bff8d7d627/org.apache.hadoop_hadoop-aws-3.3.6.jar to class loader
[2024-05-09T20:21:30.019+0000] {docker.py:413} INFO - 24/05/09 20:21:30 INFO Executor: Fetching spark://localhost:33327/jars/io.delta_delta-core_2.12-2.4.0.jar with timestamp 1715286086112
[2024-05-09T20:21:30.021+0000] {docker.py:413} INFO - 24/05/09 20:21:30 INFO Utils: Fetching spark://localhost:33327/jars/io.delta_delta-core_2.12-2.4.0.jar to /tmp/spark-7f419e99-8d07-41e2-bb5e-2c739f4b8b8e/userFiles-6af9bb94-95fb-4146-b964-d0bff8d7d627/fetchFileTemp12244469794843241448.tmp
[2024-05-09T20:21:30.039+0000] {docker.py:413} INFO - 24/05/09 20:21:30 INFO Utils: /tmp/spark-7f419e99-8d07-41e2-bb5e-2c739f4b8b8e/userFiles-6af9bb94-95fb-4146-b964-d0bff8d7d627/fetchFileTemp12244469794843241448.tmp has been previously copied to /tmp/spark-7f419e99-8d07-41e2-bb5e-2c739f4b8b8e/userFiles-6af9bb94-95fb-4146-b964-d0bff8d7d627/io.delta_delta-core_2.12-2.4.0.jar
[2024-05-09T20:21:30.043+0000] {docker.py:413} INFO - 24/05/09 20:21:30 INFO Executor: Adding file:/tmp/spark-7f419e99-8d07-41e2-bb5e-2c739f4b8b8e/userFiles-6af9bb94-95fb-4146-b964-d0bff8d7d627/io.delta_delta-core_2.12-2.4.0.jar to class loader
[2024-05-09T20:21:30.053+0000] {docker.py:413} INFO - 24/05/09 20:21:30 INFO Utils: Successfully started service 'org.apache.spark.network.netty.NettyBlockTransferService' on port 41239.
[2024-05-09T20:21:30.054+0000] {docker.py:413} INFO - 24/05/09 20:21:30 INFO NettyBlockTransferService: Server created on localhost:41239
[2024-05-09T20:21:30.056+0000] {docker.py:413} INFO - 24/05/09 20:21:30 INFO BlockManager: Using org.apache.spark.storage.RandomBlockReplicationPolicy for block replication policy
[2024-05-09T20:21:30.063+0000] {docker.py:413} INFO - 24/05/09 20:21:30 INFO BlockManagerMaster: Registering BlockManager BlockManagerId(driver, localhost, 41239, None)
[2024-05-09T20:21:30.067+0000] {docker.py:413} INFO - 24/05/09 20:21:30 INFO BlockManagerMasterEndpoint: Registering block manager localhost:41239 with 434.4 MiB RAM, BlockManagerId(driver, localhost, 41239, None)
[2024-05-09T20:21:30.070+0000] {docker.py:413} INFO - 24/05/09 20:21:30 INFO BlockManagerMaster: Registered BlockManager BlockManagerId(driver, localhost, 41239, None)
[2024-05-09T20:21:30.072+0000] {docker.py:413} INFO - 24/05/09 20:21:30 INFO BlockManager: Initialized BlockManager: BlockManagerId(driver, localhost, 41239, None)
[2024-05-09T20:21:42.744+0000] {docker.py:413} INFO - Traceback (most recent call last):
  File "/opt/spark-apps/csv_to_delta.py", line 36, in <module>
[2024-05-09T20:21:42.745+0000] {docker.py:413} INFO - 
[2024-05-09T20:21:42.745+0000] {docker.py:413} INFO - main()
[2024-05-09T20:21:42.746+0000] {docker.py:413} INFO - 
[2024-05-09T20:21:42.746+0000] {docker.py:413} INFO - File "/opt/spark-apps/csv_to_delta.py", line 17, in main
[2024-05-09T20:21:42.746+0000] {docker.py:413} INFO - spark.sql("DROP SCHEMA IF EXISTS wba CASCADE")
[2024-05-09T20:21:42.746+0000] {docker.py:413} INFO - 
[2024-05-09T20:21:42.747+0000] {docker.py:413} INFO - File "/opt/bitnami/spark/python/lib/pyspark.zip/pyspark/sql/session.py", line 1440, in sql
[2024-05-09T20:21:42.747+0000] {docker.py:413} INFO - File "/opt/bitnami/spark/python/lib/py4j-0.10.9.7-src.zip/py4j/java_gateway.py", line 1322, in __call__
[2024-05-09T20:21:42.747+0000] {docker.py:413} INFO - File "/opt/bitnami/spark/python/lib/pyspark.zip/pyspark/errors/exceptions/captured.py", line 175, in deco
[2024-05-09T20:21:42.748+0000] {docker.py:413} INFO - pyspark.errors.exceptions.captured.AnalysisException
[2024-05-09T20:21:42.759+0000] {docker.py:413} INFO - : org.apache.hadoop.hive.ql.metadata.HiveException: java.lang.RuntimeException: Unable to instantiate org.apache.hadoop.hive.ql.metadata.SessionHiveMetaStoreClient
[2024-05-09T20:21:43.835+0000] {taskinstance.py:1937} ERROR - Task failed with exception
Traceback (most recent call last):
  File "/home/airflow/.local/lib/python3.8/site-packages/docker/api/client.py", line 268, in _raise_for_status
    response.raise_for_status()
  File "/home/airflow/.local/lib/python3.8/site-packages/requests/models.py", line 1021, in raise_for_status
    raise HTTPError(http_error_msg, response=self)
requests.exceptions.HTTPError: 400 Client Error: Bad Request for url: http://docker-proxy:2375/v1.43/containers/create

The above exception was the direct cause of the following exception:

Traceback (most recent call last):
  File "/home/airflow/.local/lib/python3.8/site-packages/airflow/providers/docker/operators/docker.py", line 348, in _run_image
    return self._run_image_with_mounts([*self.mounts, tmp_mount], add_tmp_variable=True)
  File "/home/airflow/.local/lib/python3.8/site-packages/airflow/providers/docker/operators/docker.py", line 375, in _run_image_with_mounts
    self.container = self.cli.create_container(
  File "/home/airflow/.local/lib/python3.8/site-packages/docker/api/container.py", line 431, in create_container
    return self.create_container_from_config(config, name, platform)
  File "/home/airflow/.local/lib/python3.8/site-packages/docker/api/container.py", line 448, in create_container_from_config
    return self._result(res, True)
  File "/home/airflow/.local/lib/python3.8/site-packages/docker/api/client.py", line 274, in _result
    self._raise_for_status(response)
  File "/home/airflow/.local/lib/python3.8/site-packages/docker/api/client.py", line 270, in _raise_for_status
    raise create_api_error_from_http_exception(e) from e
  File "/home/airflow/.local/lib/python3.8/site-packages/docker/errors.py", line 39, in create_api_error_from_http_exception
    raise cls(e, response=response, explanation=explanation) from e
docker.errors.APIError: 400 Client Error for http://docker-proxy:2375/v1.43/containers/create: Bad Request ("invalid mount config for type "bind": bind source path does not exist: /tmp/airflowtmpkqhy5t96")

During handling of the above exception, another exception occurred:

Traceback (most recent call last):
  File "/home/airflow/.local/lib/python3.8/site-packages/airflow/providers/docker/operators/docker.py", line 486, in execute
    return self._run_image()
  File "/home/airflow/.local/lib/python3.8/site-packages/airflow/providers/docker/operators/docker.py", line 357, in _run_image
    return self._run_image_with_mounts(self.mounts, add_tmp_variable=False)
  File "/home/airflow/.local/lib/python3.8/site-packages/airflow/providers/docker/operators/docker.py", line 421, in _run_image_with_mounts
    raise DockerContainerFailedException(f"Docker container failed: {result!r}", logs=log_lines)
airflow.providers.docker.exceptions.DockerContainerFailedException: Docker container failed: {'StatusCode': 1}
[2024-05-09T20:21:43.841+0000] {taskinstance.py:1400} INFO - Marking task as FAILED. dag_id=pyspark_dag, task_id=pyspark_minio, execution_date=20240509T201546, start_date=20240509T201933, end_date=20240509T202143
[2024-05-09T20:21:43.866+0000] {standard_task_runner.py:104} ERROR - Failed to execute job 11 for task pyspark_minio (Docker container failed: {'StatusCode': 1}; 2358)
[2024-05-09T20:21:43.918+0000] {local_task_job_runner.py:228} INFO - Task exited with return code 1
[2024-05-09T20:21:43.969+0000] {taskinstance.py:2778} INFO - 0 downstream tasks scheduled from follow-on schedule check
